  menu.cpp
D:\Code\Github\aa\lab_01\src\lab_01\menu.cpp(41,39): warning C4244: инициализация: преобразование "unsigned __int64" в "double", возможна потеря данных
D:\Code\Github\aa\lab_01\src\lab_01\menu.cpp(48,32): warning C4244: инициализация: преобразование "unsigned __int64" в "double", возможна потеря данных
D:\Code\Github\aa\lab_01\src\lab_01\menu.cpp(53,88): warning C4267: аргумент: преобразование из "size_t" в "int"; возможна потеря данных
D:\Code\Github\aa\lab_01\src\lab_01\menu.cpp(53,69): warning C4267: аргумент: преобразование из "size_t" в "int"; возможна потеря данных
D:\Code\Github\aa\lab_01\src\lab_01\menu.cpp(56,48): warning C4244: инициализация: преобразование "unsigned __int64" в "double", возможна потеря данных
D:\Code\Github\aa\lab_01\src\lab_01\menu.cpp(61,93): warning C4267: аргумент: преобразование из "size_t" в "int"; возможна потеря данных
D:\Code\Github\aa\lab_01\src\lab_01\menu.cpp(61,74): warning C4267: аргумент: преобразование из "size_t" в "int"; возможна потеря данных
D:\Code\Github\aa\lab_01\src\lab_01\menu.cpp(64,53): warning C4244: инициализация: преобразование "unsigned __int64" в "double", возможна потеря данных
  test.cpp
D:\Code\Github\aa\lab_01\src\lab_01\test.cpp(47,47): warning C4244: инициализация: преобразование "unsigned __int64" в "double", возможна потеря данных
D:\Code\Github\aa\lab_01\src\lab_01\test.cpp(54,40): warning C4244: инициализация: преобразование "unsigned __int64" в "double", возможна потеря данных
D:\Code\Github\aa\lab_01\src\lab_01\test.cpp(59,107): warning C4267: аргумент: преобразование из "size_t" в "int"; возможна потеря данных
D:\Code\Github\aa\lab_01\src\lab_01\test.cpp(59,83): warning C4267: аргумент: преобразование из "size_t" в "int"; возможна потеря данных
D:\Code\Github\aa\lab_01\src\lab_01\test.cpp(62,56): warning C4244: инициализация: преобразование "unsigned __int64" в "double", возможна потеря данных
D:\Code\Github\aa\lab_01\src\lab_01\test.cpp(67,112): warning C4267: аргумент: преобразование из "size_t" в "int"; возможна потеря данных
D:\Code\Github\aa\lab_01\src\lab_01\test.cpp(67,88): warning C4267: аргумент: преобразование из "size_t" в "int"; возможна потеря данных
D:\Code\Github\aa\lab_01\src\lab_01\test.cpp(70,61): warning C4244: инициализация: преобразование "unsigned __int64" в "double", возможна потеря данных
  Создание кода
D:\Code\Github\aa\lab_01\src\lab_01\test.cpp(81): warning C4715: tests: значение возвращается не при всех путях выполнения
  3 of 240 functions ( 1.2%) were compiled, the rest were copied from previous compilation.
    0 functions were new in current compilation
    1 functions had inline decision re-evaluated but remain unchanged
  Создание кода завершено
  lab_01.vcxproj -> D:\Code\Github\aa\lab_01\src\lab_01\x64\Release\lab_01.exe
